<component name="libraryTable">
  <library name="junit" type="repository">
    <properties maven-id="junit:junit:4.11" />
    <ANNOTATIONS>
      <root url="file://$MAVEN_REPOSITORY$/com/google/code/gson/gson/2.9.0" />
    </ANNOTATIONS>
    <CLASSES>
      <root url="jar://$MAVEN_REPOSITORY$/junit/junit/4.11/junit-4.11.jar!/" />
      <root url="jar://$MAVEN_REPOSITORY$/org/hamcrest/hamcrest-core/1.3/hamcrest-core-1.3.jar!/" />
    </CLASSES>
    <JAVADOC />
    <SOURCES>
      <root url="jar://$MAVEN_REPOSITORY$/junit/junit/4.11/junit-4.11-sources.jar!/" />
      <root url="jar://$MAVEN_REPOSITORY$/org/hamcrest/hamcrest-core/1.3/hamcrest-core-1.3-sources.jar!/" />
    </SOURCES>
  </library>
</component>